2025-04-20 14:07:35 - Starting video process
2025-04-20 14:07:35 - Injecting artist info: BAI-EE
2025-04-20 14:07:35 - Updating template file
2025-04-20 14:07:35 - Template update failed
2025-04-20 14:07:43 - Starting video process
2025-04-20 14:07:43 - Injecting artist info: BAI-EE
2025-04-20 14:07:43 - Updating template file
2025-04-20 14:07:45 - Template update failed
2025-04-20 14:08:03 - Starting video process
2025-04-20 14:08:03 - Injecting artist info: BAI-EE
2025-04-20 14:08:03 - Updating template file
2025-04-20 14:08:05 - Template update failed
2025-04-20 14:08:19 - Starting video process
2025-04-20 14:08:19 - Injecting artist info: BAI-EE
2025-04-20 14:08:19 - Updating template file
2025-04-20 14:08:21 - Template update failed
2025-04-20 14:08:34 - Starting video process
2025-04-20 14:08:34 - Injecting artist info: BAI-EE
2025-04-20 14:08:34 - Updating template file
2025-04-20 14:08:36 - Template update failed
2025-04-20 14:08:46 - Starting video process
2025-04-20 14:08:46 - Injecting artist info: BAI-EE
2025-04-20 14:08:46 - Updating template file
2025-04-20 14:08:48 - Template update failed
2025-04-20 14:10:05 - Starting video process
2025-04-20 14:10:05 - Injecting artist info: AKILA
2025-04-20 14:10:05 - Updating template file
2025-04-20 14:10:07 - Template update failed
2025-04-20 22:29:06 - Starting video process
2025-04-20 22:29:06 - Injecting artist info: AKILA
2025-04-20 22:29:06 - Updating template file
2025-04-20 22:29:16 - Template update failed
2025-04-20 22:31:35 - Starting video process
2025-04-20 22:31:35 - Injecting artist info: AKILA
2025-04-20 22:31:35 - Updating template file
2025-04-20 22:32:14 - Template update failed
2025-04-20 22:33:57 - Starting video process
2025-04-20 22:33:57 - Updating template file
2025-04-20 22:34:11 - Template update failed
2025-04-20 22:35:01 - Starting video process
2025-04-20 22:35:01 - Updating template file
2025-04-20 22:35:15 - Template updated successfully
2025-04-20 22:35:15 - Rendering Video
2025-04-20 22:35:15 - Video rendering failed
2025-04-20 22:35:44 - Starting video process
2025-04-20 22:35:44 - Updating template file
2025-04-20 22:36:16 - Template updated successfully
2025-04-20 22:36:16 - Rendering Video
2025-04-20 22:36:19 - Video rendered successfully
2025-04-20 22:36:19 - Video process completed
2025-04-20 22:37:10 - Starting video process
2025-04-20 22:37:10 - Updating template file
2025-04-20 22:37:26 - Template updated successfully
2025-04-20 22:37:26 - Rendering Video
2025-04-20 22:37:30 - Video rendered successfully
2025-04-20 22:37:30 - Video process completed
2025-04-20 22:43:54 - Starting video process
2025-04-20 22:43:54 - Updating template file
2025-04-20 22:44:05 - Template updated successfully
2025-04-20 22:44:05 - Rendering Video
2025-04-20 22:44:08 - Video rendered successfully
2025-04-20 22:44:08 - Video process completed
2025-04-20 22:46:29 - Starting video process
2025-04-20 22:46:29 - Updating template file
2025-04-20 22:47:01 - Template updated successfully
2025-04-20 22:47:01 - Rendering Video
2025-04-20 22:47:03 - Video rendered successfully
2025-04-20 22:47:03 - Video process completed
